<?xml version="1.0" encoding="UTF-8"?>
<!-- Generated by org.testng.reporters.JUnitXMLReporter -->
<testsuite ignored="0" hostname="DESKTOP-R97L6J5" failures="0" tests="6" name="Default test" time="32.07" errors="0" timestamp="2020-02-26T22:46:42 IST">
  <testcase classname="com.filta.qa.login_test.LogInInvalid_TestCase" name="signInWithInvalidCredentails" time="1.469"/>
  <testcase classname="com.filta.qa.login_test.LogInInvalid_TestCase" name="signInWithInvalidCredentails2" time="1.435"/>
  <testcase classname="com.filta.qa.login_test.LogInInvalid_TestCase" name="signInWithInvalidCredentails3" time="1.388"/>
  <testcase classname="com.filta.qa.login_test.LogInInvalid_TestCase" name="signInWithInvalidCredentails4" time="1.377"/>
  <testcase classname="com.filta.qa.login_test.LogInInvalid_TestCase" name="availableLinks" time="0.071"/>
  <testcase classname="com.filta.qa.login_test.LogInInvalid_TestCase" name="getBrokenLink" time="0.133"/>
</testsuite> <!-- Default test -->
