<?xml version="1.0" encoding="UTF-8"?>
<testng-results ignored="0" total="1" passed="1" failed="0" skipped="0">
  <reporter-output>
  </reporter-output>
  <suite started-at="2020-02-17T23:04:46 IST" name="Default suite" finished-at="2020-02-17T23:06:26 IST" duration-ms="100146">
    <groups>
    </groups>
    <test started-at="2020-02-17T23:04:46 IST" name="Default test" finished-at="2020-02-17T23:06:26 IST" duration-ms="100146">
      <class name="com.filta.qa.login_test.LogIn_TestCase">
        <test-method is-config="true" signature="beforeClass()[pri:0, instance:com.filta.qa.login_test.LogIn_TestCase@7ec7ffd3]" started-at="2020-02-17T23:04:46 IST" name="beforeClass" finished-at="2020-02-17T23:05:25 IST" duration-ms="38955" status="PASS">
          <reporter-output>
          </reporter-output>
        </test-method> <!-- beforeClass -->
        <test-method signature="signInTesting(java.lang.String, java.lang.String)[pri:0, instance:com.filta.qa.login_test.LogIn_TestCase@7ec7ffd3]" started-at="2020-02-17T23:05:25 IST" name="signInTesting" data-provider="getData" finished-at="2020-02-17T23:06:21 IST" duration-ms="55940" status="PASS">
          <params>
            <param index="0">
              <value>
                <![CDATA[admin]]>
              </value>
            </param>
            <param index="1">
              <value>
                <![CDATA[admin]]>
              </value>
            </param>
          </params>
          <reporter-output>
          </reporter-output>
        </test-method> <!-- signInTesting -->
        <test-method is-config="true" signature="takeScreenShotOnFailure(org.testng.ITestResult)[pri:0, instance:com.filta.qa.login_test.LogIn_TestCase@7ec7ffd3]" started-at="2020-02-17T23:06:21 IST" name="takeScreenShotOnFailure" finished-at="2020-02-17T23:06:21 IST" duration-ms="19" status="PASS">
          <params>
            <param index="0">
              <value>
                <![CDATA[[TestResult name=signInTesting status=SUCCESS method=LogIn_TestCase.signInTesting(java.lang.String, java.lang.String)[pri:0, instance:com.filta.qa.login_test.LogIn_TestCase@7ec7ffd3] output={null}]]]>
              </value>
            </param>
          </params>
          <reporter-output>
          </reporter-output>
        </test-method> <!-- takeScreenShotOnFailure -->
        <test-method is-config="true" signature="afterClass()[pri:0, instance:com.filta.qa.login_test.LogIn_TestCase@7ec7ffd3]" started-at="2020-02-17T23:06:21 IST" name="afterClass" finished-at="2020-02-17T23:06:26 IST" duration-ms="4764" status="PASS">
          <reporter-output>
          </reporter-output>
        </test-method> <!-- afterClass -->
      </class> <!-- com.filta.qa.login_test.LogIn_TestCase -->
    </test> <!-- Default test -->
  </suite> <!-- Default suite -->
</testng-results>
